 5770WDS V7R4M0  190419 RN        IBM ILE RPG             SIIIA/SIJI               P632#PVM   04/02/20 08:25:48        Page      1
  Command  . . . . . . . . . . . . :   CRTRPGMOD
    Issued by  . . . . . . . . . . :     CECUSER
  Module . . . . . . . . . . . . . :   SIJI
    Library  . . . . . . . . . . . :     SIIIA
  Text 'description' . . . . . . . :   *SRCMBRTXT
  Source stream file   . . . . . . :   /home/CECUSER/si-ibmi-apis/si-ibmi-apis/QRPGLESRC/
                                       SIJI.RPGLE
    CCSID  . . . . . . . . . . . . :     1208
  Target CCSID . . . . . . . . . . :   *JOB (37)
  Text 'description' . . . . . . . :
  Last Change  . . . . . . . . . . :   04/02/20  07:53:11
  Generation severity level  . . . :   10
  Compiler options . . . . . . . . :   *XREF      *GEN       *NOSECLVL  *SHOWCPY
                                       *EXPDDS    *EXT       *NOSHOWSKP *NOSRCSTMT
                                       *DEBUGIO   *UNREF     *NOEVENTF
  Debugging views  . . . . . . . . :   *SOURCE
  Debug encryption key . . . . . . :   *NONE
  Output . . . . . . . . . . . . . :   *PRINT
  Optimization level . . . . . . . :   *NONE
  Source listing indentation . . . :   *NONE
  Type conversion options  . . . . :   *NONE
  Sort sequence  . . . . . . . . . :   *HEX
  Language identifier  . . . . . . :   *JOBRUN
  Replace module . . . . . . . . . :   *YES
  Authority  . . . . . . . . . . . :   *LIBCRTAUT
  Truncate numeric . . . . . . . . :   *YES
  Fix numeric  . . . . . . . . . . :   *NONE
  Target release . . . . . . . . . :   *CURRENT
  Allow null values  . . . . . . . :   *NO
  Storage model . . .  . . . . . . :   *INHERIT
  Binding directory  . . . . . . . :   *NONE
  Define condition names . . . . . :   *NONE
  Enable performance collection  . :   *PEP
  Profiling data . . . . . . . . . :   *NOCOL
  Licensed Internal Code options . :
  Generate program interface . . . :   *NO
  Include directory  . . . . . . . :   /home/CECUSER/si-ibmi-apis/si-ibmi-apis
  Preprocessor options . . . . . . :   *NONE
 5770WDS V7R4M0  190419 RN        IBM ILE RPG             SIIIA/SIJI               P632#PVM   04/02/20 08:25:48        Page      2
Line   <---------------------- Source Specifications ----------------------------------------------------->  Do  Change Src Seq
Number ....+....1....+....2....+....3....+....4....+....5....+....6....+....7....+....8....+....9....+...10  Num Date   Id  Number
                          S o u r c e   L i s t i n g
     1 **FREE                                                                                                               000001
     2         //******************************************************************************************                 000002
     3         //                                                                                                           000003
     4         //                                                                                                           000004
     5         // Programname    : SIJL                                                                                     000005
     6         // Programautor   : Sranko Informatik                                                                        000006
     7         // Created on     : 06.03.2019                                                                               000007
     8         //                                                                                                           000008
     9         //==========================================================================================                 000009
    10         //             Program-Compiling                                                                             000010
    11         //==========================================================================================                 000011
    12         //                                                                                                           000012
    13         // See QCLLESRC,makesiiia                                                                                    000013
    14         //                                                                                                           000014
    15         //==========================================================================================                 000015
    16                                                                                                                      000016
    17          ctl-opt NoMain bnddir('SIIIA/SIIIA');                                                                       000017
    18                                                                                                                      000018
    19         //==========================================================================================                 000019
    20         // Constants                                                                                                 000020
    21         //==========================================================================================                 000021
    22                                                                                                                      000022
    23         //==========================================================================================                 000023
    24         // Templates                                                                                                 000024
    25         //==========================================================================================                 000025
    26                                                                                                                      000026
    27         //==========================================================================================                 000027
    28         // Global-Definition                                                                                         000028
    29         //==========================================================================================                 000029
    30                                                                                                                      000030
    31         //==========================================================================================                 000031
    32         // Prototypes                                                                                                000032
    33         //==========================================================================================                 000033
    34                                                                                                                      000034
    35          /define SIJI                                                                                                000035
    36          /include siiia/qcpylesrc,sijip                                                                              000036
======>                  aaaaaaaaaaaaaaaaaaaaa
*RNF0273 40 a      000036  Compiler not able to open the /COPY or /INCLUDE file;
                           directive ignored.
    37          /include siiia/qcpylesrc,sixcpp                                                                             000037
======>                  aaaaaaaaaaaaaaaaaaaaaa
*RNF0273 40 a      000037  Compiler not able to open the /COPY or /INCLUDE file;
                           directive ignored.
    38                                                                                                                      000038
    39         //==========================================================================================                 000039
    40         // Procedures                                                                                                000040
    41         //==========================================================================================                 000041
    42                                                                                                                      000042
    43         //------------------------------------------------------------------------------------------                 000043
    44                                                                                                                      000044
        *--------------------------------------------------------------------*
        * Compiler Options in Effect:                                        *
        *--------------------------------------------------------------------*
 5770WDS V7R4M0  190419 RN        IBM ILE RPG             SIIIA/SIJI               P632#PVM   04/02/20 08:25:48        Page      3
Line   <---------------------- Source Specifications ----------------------------------------------------->  Do  Change Src Seq
Number ....+....1....+....2....+....3....+....4....+....5....+....6....+....7....+....8....+....9....+...10  Num Date   Id  Number
        *  Text 'description' . . . . . . . :                                *
        *  Generation severity level  . . . :   10                           *
        *  Compiler options . . . . . . . . :   *XREF      *GEN              *
        *                                       *NOSECLVL  *SHOWCPY          *
        *                                       *EXPDDS    *EXT              *
        *                                       *NOSHOWSKP *NOSRCSTMT        *
        *                                       *DEBUGIO   *UNREF            *
        *                                       *NOEVENTF                    *
        *  Optimization level . . . . . . . :   *NONE                        *
        *  Source listing indentation . . . :   *NONE                        *
        *  Type conversion options  . . . . :   *NONE                        *
        *  Sort sequence  . . . . . . . . . :   *HEX                         *
        *  Language identifier  . . . . . . :   *JOBRUN                      *
        *  Authority  . . . . . . . . . . . :   *LIBCRTAUT                   *
        *  Truncate numeric . . . . . . . . :   *YES                         *
        *  Fix numeric  . . . . . . . . . . :   *NONE                        *
        *  Allow null values  . . . . . . . :   *NO                          *
        *  Storage model . . .  . . . . . . :   *INHERIT                     *
        *  Binding directory from Command . :   *NONE                        *
        *  Binding directory from Source  . :   SIIIA                        *
        *    Library  . . . . . . . . . . . :     SIIIA                      *
        *  Enable performance collection  . :   *PEP                         *
        *  Profiling data . . . . . . . . . :   *NOCOL                       *
        *  Generate program interface . . . :   *NO                          *
        *--------------------------------------------------------------------*
    45          dcl-proc SIJI_new export;                                                                                   000045
    46          dcl-pi SIJI_new like(tSIJI) extproc(*dclcase);                                                              000046
    47            Jobname like(tSIJI_Jobname) options(*varsize) const;                                                      000047
    48            Username like(tSIJI_Username) options(*varsize:*nopass) const;                                            000048
    49            Jobnumber like(tSIJI_Jobnumber) options(*nopass) const;                                                   000049
    50          end-pi;                                                                                                     000050
    51          dcl-ds dsSIJI likeds(tSIJI_Def) inz;                                                                        000051
    52                                                                                                                      000052
    53          dsSIJI.QualifiedJobName.Jobname = Jobname;                                                                  000053
    54          if %parms >= %parmnum(Username);                                                            B01             000054
    55            dsSIJI.QualifiedJobName.Username = Username;                                               01             000055
    56          endif;                                                                                      E01             000056
    57          if %parms >= %parmnum(Jobnumber);                                                           B01             000057
    58            dsSIJI.QualifiedJobName.Jobnumber = Jobnumber;                                             01             000058
    59          endif;                                                                                      E01             000059
    60                                                                                                                      000060
    61          if Jobname = *blanks;                                                                       B01             000061
    62            SIXCP_throwWithMessageId('CPD3CB2':dsSIJI.QualifiedJobName:cSIXCP_QCPFMSG);                01             000062
    63          endif;                                                                                      E01             000063
    64                                                                                                                      000064
    65          return dsSIJI;                                                                                              000065
    66          end-proc;                                                                                                   000066
    67                                                                                                                      000067
    68         //------------------------------------------------------------------------------------------                 000068
 5770WDS V7R4M0  190419 RN        IBM ILE RPG             SIIIA/SIJI               P632#PVM   04/02/20 08:25:48        Page      4
Line   <---------------------- Source Specifications ----------------------------------------------------->  Do  Change Src Seq
Number ....+....1....+....2....+....3....+....4....+....5....+....6....+....7....+....8....+....9....+...10  Num Date   Id  Number
    69                                                                                                                      000069
    70          dcl-proc getData;                                                                                           000070
    71          dcl-pi getData char(32767);                                                                                 000071
    72            dsSIJI likeds(tSIJI_Def);                                                                                 000072
    73            FormatName like(tQUSRJOBI_FormatName) const;                                                              000073
    74          end-pi;                                                                                                     000074
    75          dcl-s ReceiverVariable like(tQUSRJOBI_ReceiverVariable);                                                    000075
    76          dcl-ds ErrorCode likeds(tQUSEC);                                                                            000076
    77                                                                                                                      000077
    78          RetrieveJobInformation(ReceiverVariable                                                                     000078
    79                                :%size(ReceiverVariable)                                                              000079
    80                                :FormatName                                                                           000080
    81                                :dsSIJI.QualifiedJobName                                                              000081
    82                                :*blanks                                                                              000082
    83                                :ErrorCode);                                                                          000083
    84          if ErrorCode.ExceptionId <> *blanks;                                                        B01             000084
    85            return *off;                                                                               01             000085
    86          endif;                                                                                      E01             000086
    87                                                                                                                      000087
    88          return ReceiverVariable;                                                                                    000088
    89          end-proc;                                                                                                   000089
    90                                                                                                                      000090
    91         //------------------------------------------------------------------------------------------                 000091
    92                                                                                                                      000092
    93          dcl-proc SIJI_getTemporaryStorageUsed export;                                                               000093
    94          dcl-pi SIJI_getTemporaryStorageUsed like(tSIJI_TemporaryStorageUsed) extproc(*dclcase);                     000094
    95            SIJI like(tSIJI);                                                                                         000095
    96          end-pi;                                                                                                     000096
    97          dcl-ds dsSIJI likeds(tSIJI_Def) based(pSIJI);                                                               000097
    98          pSIJI = %addr(SIJI);                                                                                        000098
    99                                                                                                                      000099
   100          monitor;                                                                                    B01             000100
   101            dsSIJI.Data0150 = getData(dsSIJI:cQUSRJOBI_FORMAT_AdditionalPerformanceInformation);       01             000101
   102          on-error;                                                                                   X01             000102
   103            SIXCP_throwWithMessageId('CPD3CB2':dsSIJI.QualifiedJobName:cSIXCP_QCPFMSG);                01             000103
   104          endmon;                                                                                     E01             000104
   105                                                                                                                      000105
   106          return dsSIJI.Data0150.TemporaryStorageUsed;                                                                000106
   107          end-proc;                                                                                                   000107
   108                                                                                                                      000108
   109         //------------------------------------------------------------------------------------------                 000109
   110                                                                                                                      000110
   111          dcl-proc SIJI_listCallStackEntrys export;                                                                   000111
   112          dcl-pi SIJI_listCallStackEntrys like(tSIJI_List) extproc(*dclcase);                                         000112
   113            SIJI like(tSIJI);                                                                                         000113
   114          end-pi;                                                                                                     000114
 5770WDS V7R4M0  190419 RN        IBM ILE RPG             SIIIA/SIJI               P632#PVM   04/02/20 08:25:48        Page      5
Line   <---------------------- Source Specifications ----------------------------------------------------->  Do  Change Src Seq
Number ....+....1....+....2....+....3....+....4....+....5....+....6....+....7....+....8....+....9....+...10  Num Date   Id  Number
   115          dcl-ds dsSIJI likeds(tSIJI_Def) based(pSIJI);                                                               000115
   116          pSIJI = %addr(SIJI);                                                                                        000116
   117                                                                                                                      000117
   118          return listCallStackEntrys(dsSIJI);                                                                         000118
   119          end-proc;                                                                                                   000119
   120                                                                                                                      000120
   121         //------------------------------------------------------------------------------------------                 000121
   122                                                                                                                      000122
   123          dcl-proc SIJI_existProgramInCallStack export;                                                               000123
   124          dcl-pi SIJI_existProgramInCallStack ind extproc(*dclcase);                                                  000124
   125            SIJI like(tSIJI);                                                                                         000125
   126            Program like(tSIJI_Program) const;                                                                        000126
   127          end-pi;                                                                                                     000127
   128          dcl-ds dsSIJI likeds(tSIJI_Def) based(pSIJI);                                                               000128
   129          dcl-ds Entry likeds(tSIJI_CallStackEntry);                                                                  000129
   130          dcl-s CallStackList like(tSIJI_List);                                                                       000130
   131                                                                                                                      000131
   132          pSIJI = %addr(SIJI);                                                                                        000132
   133          CallStackList = listCallStackEntrys(dsSIJI);                                                                000133
   134          dow SIITR_ForEach(CallStackList);                                                           B01             000134
   135              SIITR_setValue(CallStackList:%addr(Entry));                                              01             000135
   136                                                                                                                      000136
   137              if Entry.ProgramName = Program;                                                         B02             000137
   138                 SIITR_close(CallStackList);                                                           02             000138
   139                 return *on;                                                                           02             000139
   140              endif;                                                                                  E02             000140
   141          enddo;                                                                                      E01             000141
   142          SIITR_close(CallStackList);                                                                                 000142
   143                                                                                                                      000143
   144          return *off;                                                                                                000144
   145                                                                                                                      000145
   146          end-proc;                                                                                                   000146
   147                                                                                                                      000147
   148         //------------------------------------------------------------------------------------------                 000148
   149                                                                                                                      000149
   150          dcl-proc SIJI_getCallStackEntryForCaller export;                                                            000150
   151          dcl-pi SIJI_getCallStackEntryForCaller like(tSIJI_CallStackEntry) extproc(*dclcase);                        000151
   152            SIJI like(tSIJI);                                                                                         000152
   153          end-pi;                                                                                                     000153
   154          dcl-ds dsSIJI likeds(tSIJI_Def) based(pSIJI);                                                               000154
   155          dcl-ds Entry likeds(tSIJI_CallStackEntry);                                                                  000155
   156          dcl-s CallStackList like(tSIJI_List);                                                                       000156
   157          dcl-s ProgrammName char(20) inz(*blanks);                                                                   000157
   158          dcl-s ProgrammCounter uns(5) inz(0);                                                                        000158
   159          dcl-s ProgrammCounterInd ind inz(*off);                                                                     000159
   160                                                                                                                      000160
 5770WDS V7R4M0  190419 RN        IBM ILE RPG             SIIIA/SIJI               P632#PVM   04/02/20 08:25:48        Page      6
Line   <---------------------- Source Specifications ----------------------------------------------------->  Do  Change Src Seq
Number ....+....1....+....2....+....3....+....4....+....5....+....6....+....7....+....8....+....9....+...10  Num Date   Id  Number
   161          pSIJI = %addr(SIJI);                                                                                        000161
   162          CallStackList = listCallStackEntrys(dsSIJI);                                                                000162
   163          dow SIITR_ForEach(CallStackList);                                                           B01             000163
   164              SIITR_setValue(CallStackList:%addr(Entry));                                              01             000164
   165                                                                                                                      000165
   166              if Entry.ProcedureName = 'SIJI_getCallStackEntryForCaller';                             B02             000166
   167                ProgrammCounterInd = *on;                                                              02             000167
   168                ProgrammName = Entry.ProgramName + Entry.ProgramLibraryName;                           02             000168
   169                iter;                                                                                  02             000169
   170              endif;                                                                                  E02             000170
   171                                                                                                                      000171
   172              if ProgrammCounterInd;                                                                  B02             000172
   173                if ProgrammName <> Entry.ProgramName + Entry.ProgramLibraryName;                      B03             000173
   174                  ProgrammCounter += 1;                                                                03             000174
   175                  ProgrammName = Entry.ProgramName + Entry.ProgramLibraryName;                         03             000175
   176                endif;                                                                                E03             000176
   177                                                                                                                      000177
   178                if ProgrammCounter = 2;                                                               B03             000178
   179                  SIITR_close(CallStackList);                                                          03             000179
   180                  return Entry;                                                                        03             000180
   181                endif;                                                                                E03             000181
   182              endif;                                                                                  E02             000182
   183          enddo;                                                                                      E01             000183
   184          SIITR_close(CallStackList);                                                                                 000184
   185                                                                                                                      000185
   186          return *off;                                                                                                000186
   187                                                                                                                      000187
   188          end-proc;                                                                                                   000188
   189                                                                                                                      000189
   190         //------------------------------------------------------------------------------------------                 000190
   191                                                                                                                      000191
   192          dcl-proc listCallStackEntrys;                                                                               000192
   193          dcl-pi listCallStackEntrys like(tSIJI_List);                                                                000193
   194            dsSIJI likeds(tSIJI_Def);                                                                                 000194
   195          end-pi;                                                                                                     000195
   196                                                                                                                      000196
   197          dcl-s CallStackEntrys like(tQWVRCSTK_ReceiverVariable);                                                     000197
   198          dcl-ds Job likeds(tQWVRCSTK_JobIdentificationInformation) inz;                                              000198
   199          dcl-s JobFormat like(tQWVRCSTK_FormatOfJobIdentificationInformation);                                       000199
   200          dcl-ds ErrorCode likeds(tQUSEC) inz;                                                                        000200
   201          dcl-ds Format100 likeds(tQWVRCSTK_CSTK0100) based(pFormat100);                                              000201
   202          dcl-s i like(tQWVRCSTK_NumberOfCallStackEntriesReturned);                                                   000202
   203          dcl-ds Entry likeds(tQWVRCSTK_Entry) based(pEntry);                                                         000203
   204          dcl-ds CallStackEntry likeds(tSIJI_CallStackEntry);                                                         000204
   205          dcl-s CallStackList like(tSIJI_List);                                                                       000205
   206          dcl-s ProcedureName like(tQWVRCSTK_ProcedureName) based(pProcedureName);                                    000206
   207                                                                                                                      000207
   208          Job.JobName = dsSIJI.QualifiedJobName.Jobname;                                                              000208
   209          Job.UserName = dsSIJI.QualifiedJobName.Username;                                                            000209
   210          Job.JobNumber = dsSIJI.QualifiedJobName.Jobnumber;                                                          000210
   211          Job.ThreadIndicator = 1;                                                                                    000211
   212          Job.Reserved = *loval;                                                                                      000212
 5770WDS V7R4M0  190419 RN        IBM ILE RPG             SIIIA/SIJI               P632#PVM   04/02/20 08:25:48        Page      7
Line   <---------------------- Source Specifications ----------------------------------------------------->  Do  Change Src Seq
Number ....+....1....+....2....+....3....+....4....+....5....+....6....+....7....+....8....+....9....+...10  Num Date   Id  Number
   213          Job.ThreadIdentifier = *loval;                                                                              000213
   214          RetrieveCallStack(CallStackEntrys                                                                           000214
   215                           :%size(CallStackEntrys)                                                                    000215
   216                           :cQWVRCSTK_Format0100                                                                      000216
   217                           :Job                                                                                       000217
   218                           :cQWVRCSTK_JobFormat0100                                                                   000218
   219                           :ErrorCode                                                                                 000219
   220                           );                                                                                         000220
   221          if ErrorCode.ExceptionId <> *blanks;                                                        B01             000221
   222            return CallStackList;                                                                      01             000222
   223          endif;                                                                                      E01             000223
   224          pFormat100 = %Addr(CallStackEntrys);                                                                        000224
   225                                                                                                                      000225
   226          for i = 1 to Format100.NumberOfCallStackEntriesReturned;                                    B01             000226
   227            if i = 1;                                                                                 B02             000227
   228              pEntry = pFormat100 + Format100.OffsetToCallStackEntryInformation;                       02             000228
   229            else;                                                                                     X02             000229
   230              pEntry = pEntry + Entry.LengthOfThisCallStackEntry;                                      02             000230
   231            endif;                                                                                    E02             000231
   232            eval-corr CallStackEntry = Entry;                                                          01             000232
   233            pProcedureName = pEntry + Entry.DisplacementToTheProcedureName;                            01             000233
   234            CallStackEntry.ProcedureName = %subst(ProcedureName:1:Entry.LengthOfProcedureName);        01             000234
   235            SIITR_addEntry(CallStackList:%addr(CallStackEntry):%size(CallStackEntry));                 01             000235
   236          endfor;                                                                                     E01             000236
   237                                                                                                                      000237
   238          return CallStackList;                                                                                       000238
   239          end-proc;                                                                                                   000239
   240                                                                                                                      000240
   241         //------------------------------------------------------------------------------------------                 000241
   242                                                                                                                      000242
   243          dcl-proc SIJI_getQualifiedJobName export;                                                                   000243
   244          dcl-pi SIJI_getQualifiedJobName like(tSIJI_QualifiedJobName) extproc(*dclcase);                             000244
   245            SIJI like(tSIJI);                                                                                         000245
   246          end-pi;                                                                                                     000246
   247          dcl-ds dsSIJI likeds(tSIJI_Def) based(pSIJI);                                                               000247
   248          pSIJI = %addr(SIJI);                                                                                        000248
   249                                                                                                                      000249
   250          monitor;                                                                                    B01             000250
   251            dsSIJI.Data0150 = getData(dsSIJI:cQUSRJOBI_FORMAT_AdditionalPerformanceInformation);       01             000251
   252          on-error;                                                                                   X01             000252
   253            SIXCP_throwWithMessageId('CPD3CB2':dsSIJI.QualifiedJobName:cSIXCP_QCPFMSG);                01             000253
   254          endmon;                                                                                     E01             000254
   255                                                                                                                      000255
   256          return %char(dsSIJI.Data0150.JobNumber) + '/' +                                                             000256
   257                 %trim(dsSIJI.Data0150.UserName) + '/' +                                                              000257
   258                 %trim(dsSIJI.Data0150.JobName);                                                                      000258
   259          end-proc;                                                                                                   000259
   260                                                                                                                      000260
   261         //------------------------------------------------------------------------------------------                 000261
   262                                                                                                                      000262
   263          dcl-proc SIJI_close export;                                                                                 000263
 5770WDS V7R4M0  190419 RN        IBM ILE RPG             SIIIA/SIJI               P632#PVM   04/02/20 08:25:48        Page      8
Line   <---------------------- Source Specifications ----------------------------------------------------->  Do  Change Src Seq
Number ....+....1....+....2....+....3....+....4....+....5....+....6....+....7....+....8....+....9....+...10  Num Date   Id  Number
   264          dcl-pi SIJI_close extproc(*dclcase);                                                                        000264
   265            SIJI like(tSIJI);                                                                                         000265
   266          end-pi;                                                                                                     000266
   267          dcl-ds dsSIJI likeds(tSIJI_Def) based(pSIJI);                                                               000267
   268          pSIJI = %addr(SIJI);                                                                                        000268
   269                                                                                                                      000269
   270          clear dsSIJI;                                                                                               000270
   271                                                                                                                      000271
   272          return;                                                                                                     000272
   273          end-proc;                                                                                                   000273
   274                                                                                                                      000274
   275         //------------------------------------------------------------------------------------------                 000275
   276                                                                                                                      000276
   277          dcl-proc SIJI_getCodedCharacterSetID export;                                                                000277
   278          dcl-pi SIJI_getCodedCharacterSetID like(tSIJI_CodedCharacterSetID) extproc(*dclcase);                       000278
   279            SIJI like(tSIJI);                                                                                         000279
   280          end-pi;                                                                                                     000280
   281          dcl-ds dsSIJI likeds(tSIJI_Def) based(pSIJI);                                                               000281
   282          pSIJI = %addr(SIJI);                                                                                        000282
   283                                                                                                                      000283
   284          monitor;                                                                                    B01             000284
   285            dsSIJI.Data0400 = getData(dsSIJI:cQUSRJOBI_FORMAT_JobAttributeInformation);                01             000285
   286          on-error;                                                                                   X01             000286
   287            SIXCP_throwWithMessageId('CPD3CB2':dsSIJI.QualifiedJobName:cSIXCP_QCPFMSG);                01             000287
   288          endmon;                                                                                     E01             000288
   289                                                                                                                      000289
   290          return dsSIJI.Data0400.CodedCharacterSetID;                                                                 000290
   291          end-proc;                                                                                                   000291
   292                                                                                                                      000292
       * * * * *   E N D   O F   S O U R C E   * * * * *
 5770WDS V7R4M0  190419 RN        IBM ILE RPG             SIIIA/SIJI               P632#PVM   04/02/20 08:25:48        Page      9
          A d d i t i o n a l   D i a g n o s t i c   M e s s a g e s
 Msg id  Sv Number Seq     Message text
*RNF7451 30     57 000057  Built-in function %PARMNUM(JOBNUMBER) is not defined;
                           built-in function is ignored.
*RNF7451 30     54 000054  Built-in function %PARMNUM(USERNAME) is not defined;
                           built-in function is ignored.
*RNF7030 30    204 000204  The name or indicator CALLSTA... is not defined.
*RNF7030 30    197 000197  The name or indicator CALLSTA... is not defined.
*RNF7030 30    130 000130  The name or indicator CALLSTA... is not defined.
*RNF7030 30    156 000156  The name or indicator CALLSTA... is not defined.
*RNF7030 30    205 000205  The name or indicator CALLSTA... is not defined.
*RNF7030 30    290 000290  The name or indicator CODEDCH... is not defined.
*RNF7030 30    101 000101  The name or indicator CQUSRJO... is not defined.
*RNF7030 30    285 000285  The name or indicator CQUSRJO... is not defined.
*RNF7030 30    216 000216  The name or indicator CQWVRCS... is not defined.
*RNF7030 30    218 000218  The name or indicator CQWVRCS... is not defined.
*RNF7030 30     62 000062  The name or indicator CSIXCP_... is not defined.
*RNF7030 30    101 000101  The name or indicator DATA0150 is not defined.
*RNF7030 30    251 000251  The name or indicator DATA0150 is not defined.
*RNF7030 30    285 000285  The name or indicator DATA0400 is not defined.
*RNF7030 30    233 000233  The name or indicator DISPLAC... is not defined.
*RNF7030 30     51 000051  The name or indicator DSSIJI is not defined.
*RNF7030 30     72 000072  The name or indicator DSSIJI is not defined.
*RNF7030 30     97 000097  The name or indicator DSSIJI is not defined.
*RNF7030 30    115 000115  The name or indicator DSSIJI is not defined.
*RNF7030 30    128 000128  The name or indicator DSSIJI is not defined.
*RNF7030 30    154 000154  The name or indicator DSSIJI is not defined.
*RNF7030 30    194 000194  The name or indicator DSSIJI is not defined.
*RNF7030 30    247 000247  The name or indicator DSSIJI is not defined.
*RNF7030 30    267 000267  The name or indicator DSSIJI is not defined.
*RNF7030 30    281 000281  The name or indicator DSSIJI is not defined.
*RNF7030 30    129 000129  The name or indicator ENTRY is not defined.
*RNF7030 30    155 000155  The name or indicator ENTRY is not defined.
*RNF7030 30    203 000203  The name or indicator ENTRY is not defined.
*RNF7030 30     76 000076  The name or indicator ERRORCODE is not defined.
*RNF7030 30    200 000200  The name or indicator ERRORCODE is not defined.
*RNF7030 30     84 000084  The name or indicator EXCEPTI... is not defined.
*RNF7030 30    221 000221  The name or indicator EXCEPTI... is not defined.
*RNF7030 30     73 000073  The name or indicator FORMATNAME is not defined.
*RNF7030 30    201 000201  The name or indicator FORMAT100 is not defined.
*RNF7030 30    202 000202  The name or indicator I is not defined.
*RNF7030 30    198 000198  The name or indicator JOB is not defined.
*RNF7030 30    199 000199  The name or indicator JOBFORMAT is not defined.
*RNF7030 30     47 000047  The name or indicator JOBNAME is not defined.
*RNF7030 30     53 000053  The name or indicator JOBNAME is not defined.
*RNF7030 30    208 000208  The name or indicator JOBNAME is not defined.
*RNF7030 30    208 000208  The name or indicator JOBNAME is not defined.
*RNF7030 30    258 000258  The name or indicator JOBNAME is not defined.
*RNF7030 30     49 000049  The name or indicator JOBNUMBER is not defined.
*RNF7030 30     58 000058  The name or indicator JOBNUMBER is not defined.
*RNF7030 30    210 000210  The name or indicator JOBNUMBER is not defined.
*RNF7030 30    210 000210  The name or indicator JOBNUMBER is not defined.
*RNF7030 30    256 000256  The name or indicator JOBNUMBER is not defined.
*RNF7030 30    234 000234  The name or indicator LENGTHO... is not defined.
*RNF7030 30    230 000230  The name or indicator LENGTHO... is not defined.
*RNF7030 30    226 000226  The name or indicator NUMBERO... is not defined.
*RNF7030 30    228 000228  The name or indicator OFFSETT... is not defined.
 5770WDS V7R4M0  190419 RN        IBM ILE RPG             SIIIA/SIJI               P632#PVM   04/02/20 08:25:48        Page     10
*RNF7030 30    166 000166  The name or indicator PROCEDU... is not defined.
*RNF7030 30    206 000206  The name or indicator PROCEDU... is not defined.
*RNF7030 30    234 000234  The name or indicator PROCEDU... is not defined.
*RNF7030 30    126 000126  The name or indicator PROGRAM is not defined.
*RNF7030 30    168 000168  The name or indicator PROGRAM... is not defined.
*RNF7030 30    137 000137  The name or indicator PROGRAM... is not defined.
*RNF7030 30    168 000168  The name or indicator PROGRAM... is not defined.
*RNF7030 30     53 000053  The name or indicator QUALIFI... is not defined.
*RNF7030 30     81 000081  The name or indicator QUALIFI... is not defined.
*RNF7030 30    103 000103  The name or indicator QUALIFI... is not defined.
*RNF7030 30    208 000208  The name or indicator QUALIFI... is not defined.
*RNF7030 30    253 000253  The name or indicator QUALIFI... is not defined.
*RNF7030 30    287 000287  The name or indicator QUALIFI... is not defined.
*RNF7030 30     75 000075  The name or indicator RECEIVE... is not defined.
*RNF7030 30    212 000212  The name or indicator RESERVED is not defined.
*RNF7030 30    214 000214  The name or indicator RETRIEV... is not defined.
*RNF7030 30     78 000078  The name or indicator RETRIEV... is not defined.
*RNF7030 30    235 000235  The name or indicator SIITR_A... is not defined.
*RNF7030 30    138 000138  The name or indicator SIITR_C... is not defined.
*RNF7030 30    134 000134  The name or indicator SIITR_F... is not defined.
*RNF7030 30    135 000135  The name or indicator SIITR_S... is not defined.
*RNF7030 30     95 000095  The name or indicator SIJI is not defined.
*RNF7030 30    113 000113  The name or indicator SIJI is not defined.
*RNF7030 30    125 000125  The name or indicator SIJI is not defined.
*RNF7030 30    152 000152  The name or indicator SIJI is not defined.
*RNF7030 30    245 000245  The name or indicator SIJI is not defined.
*RNF7030 30    265 000265  The name or indicator SIJI is not defined.
*RNF7030 30    279 000279  The name or indicator SIJI is not defined.
*RNF7030 30     62 000062  The name or indicator SIXCP_T... is not defined.
*RNF7030 30    106 000106  The name or indicator TEMPORA... is not defined.
*RNF7030 30    213 000213  The name or indicator THREADI... is not defined.
*RNF7030 30    211 000211  The name or indicator THREADI... is not defined.
*RNF7030 30     76 000076  The name or indicator TQUSEC is not defined.
*RNF7030 30     73 000073  The name or indicator TQUSRJO... is not defined.
*RNF7030 30     75 000075  The name or indicator TQUSRJO... is not defined.
*RNF7030 30    201 000201  The name or indicator TQWVRCS... is not defined.
*RNF7030 30    203 000203  The name or indicator TQWVRCS... is not defined.
*RNF7030 30    199 000199  The name or indicator TQWVRCS... is not defined.
*RNF7030 30    198 000198  The name or indicator TQWVRCS... is not defined.
*RNF7030 30    202 000202  The name or indicator TQWVRCS... is not defined.
*RNF7030 30    206 000206  The name or indicator TQWVRCS... is not defined.
*RNF7030 30    197 000197  The name or indicator TQWVRCS... is not defined.
*RNF7030 30     46 000046  The name or indicator TSIJI is not defined.
*RNF7030 30    129 000129  The name or indicator TSIJI_C... is not defined.
*RNF7030 30    278 000278  The name or indicator TSIJI_C... is not defined.
*RNF7030 30     51 000051  The name or indicator TSIJI_DEF is not defined.
*RNF7030 30     47 000047  The name or indicator TSIJI_J... is not defined.
*RNF7030 30     49 000049  The name or indicator TSIJI_J... is not defined.
*RNF7030 30    112 000112  The name or indicator TSIJI_LIST is not defined.
*RNF7030 30    126 000126  The name or indicator TSIJI_P... is not defined.
*RNF7030 30    244 000244  The name or indicator TSIJI_Q... is not defined.
*RNF7030 30     94 000094  The name or indicator TSIJI_T... is not defined.
*RNF7030 30     48 000048  The name or indicator TSIJI_U... is not defined.
*RNF7030 30     48 000048  The name or indicator USERNAME is not defined.
*RNF7030 30     55 000055  The name or indicator USERNAME is not defined.
*RNF7030 30    209 000209  The name or indicator USERNAME is not defined.
*RNF7030 30    209 000209  The name or indicator USERNAME is not defined.
*RNF7030 30    257 000257  The name or indicator USERNAME is not defined.
 5770WDS V7R4M0  190419 RN        IBM ILE RPG             SIIIA/SIJI               P632#PVM   04/02/20 08:25:48        Page     11
*RNF7503 30     53 000053  Expression contains an operand that is not defined.
*RNF7503 30     55 000055  Expression contains an operand that is not defined.
*RNF7503 30     58 000058  Expression contains an operand that is not defined.
*RNF7503 30     61 000061  Expression contains an operand that is not defined.
*RNF7503 30     62 000062  Expression contains an operand that is not defined.
*RNF7503 30     78 000078  Expression contains an operand that is not defined.
*RNF7503 30     84 000084  Expression contains an operand that is not defined.
*RNF7503 30     88 000088  Expression contains an operand that is not defined.
*RNF7503 30     98 000098  Expression contains an operand that is not defined.
*RNF7503 30    101 000101  Expression contains an operand that is not defined.
*RNF7503 30    103 000103  Expression contains an operand that is not defined.
*RNF7503 30    116 000116  Expression contains an operand that is not defined.
*RNF7503 30    132 000132  Expression contains an operand that is not defined.
*RNF7503 30    133 000133  Expression contains an operand that is not defined.
*RNF7503 30    134 000134  Expression contains an operand that is not defined.
*RNF7503 30    135 000135  Expression contains an operand that is not defined.
*RNF7503 30    137 000137  Expression contains an operand that is not defined.
*RNF7503 30    138 000138  Expression contains an operand that is not defined.
*RNF7503 30    142 000142  Expression contains an operand that is not defined.
*RNF7503 30    161 000161  Expression contains an operand that is not defined.
*RNF7503 30    162 000162  Expression contains an operand that is not defined.
*RNF7503 30    163 000163  Expression contains an operand that is not defined.
*RNF7503 30    164 000164  Expression contains an operand that is not defined.
*RNF7503 30    166 000166  Expression contains an operand that is not defined.
*RNF7503 30    168 000168  Expression contains an operand that is not defined.
*RNF7503 30    173 000173  Expression contains an operand that is not defined.
*RNF7503 30    175 000175  Expression contains an operand that is not defined.
*RNF7503 30    179 000179  Expression contains an operand that is not defined.
*RNF7503 30    184 000184  Expression contains an operand that is not defined.
*RNF7503 30    208 000208  Expression contains an operand that is not defined.
*RNF7503 30    209 000209  Expression contains an operand that is not defined.
*RNF7503 30    210 000210  Expression contains an operand that is not defined.
*RNF7503 30    211 000211  Expression contains an operand that is not defined.
*RNF7503 30    212 000212  Expression contains an operand that is not defined.
*RNF7503 30    213 000213  Expression contains an operand that is not defined.
*RNF7503 30    214 000214  Expression contains an operand that is not defined.
*RNF7503 30    221 000221  Expression contains an operand that is not defined.
*RNF7503 30    224 000224  Expression contains an operand that is not defined.
*RNF7503 30    226 000226  Expression contains an operand that is not defined.
*RNF7503 30    227 000227  Expression contains an operand that is not defined.
*RNF7503 30    228 000228  Expression contains an operand that is not defined.
*RNF7503 30    230 000230  Expression contains an operand that is not defined.
*RNF7503 30    232 000232  Expression contains an operand that is not defined.
*RNF7503 30    233 000233  Expression contains an operand that is not defined.
*RNF7503 30    234 000234  Expression contains an operand that is not defined.
*RNF7503 30    235 000235  Expression contains an operand that is not defined.
*RNF7503 30    248 000248  Expression contains an operand that is not defined.
*RNF7503 30    251 000251  Expression contains an operand that is not defined.
*RNF7503 30    253 000253  Expression contains an operand that is not defined.
*RNF7503 30    268 000268  Expression contains an operand that is not defined.
*RNF7503 30    270 000270  Expression contains an operand that is not defined.
*RNF7503 30    282 000282  Expression contains an operand that is not defined.
*RNF7503 30    285 000285  Expression contains an operand that is not defined.
*RNF7503 30    287 000287  Expression contains an operand that is not defined.
 * * * * *   E N D   O F   A D D I T I O N A L   D I A G N O S T I C   M E S S A G E S   * * * * *
 5770WDS V7R4M0  190419 RN        IBM ILE RPG             SIIIA/SIJI               P632#PVM   04/02/20 08:25:48        Page     12
                          C r o s s   R e f e r e n c e
      File and Record References:
         File              Device             References (D=Defined)
           Record
         No references in the source.
      Global Field References:
         Field             Attributes         References (D=Defined M=Modified)
*RNF7030 CQUSRJOBI_FORMAT_ADDITIONALPERFORMANCEINFORMATION...
                           **UNDEF**             101     251
*RNF7030 CQUSRJOBI_FORMAT_JOBATTRIBUTEINFORMATION...
                           **UNDEF**             285
*RNF7030 CQWVRCSTK_FORMAT0100...
                           **UNDEF**             216
*RNF7030 CQWVRCSTK_JOBFORMAT0100...
                           **UNDEF**             218
*RNF7030 CSIXCP_QCPFMSG    **UNDEF**              62     103     253     287
         GETDATA           A(32767)               70      71     101     251
                           PROTOTYPE             285
         LISTCALLSTACKENTRYS...
                                                 118     133     162     192
                           PROTOTYPE             193
*RNF7030 RETRIEVECALLSTACK **UNDEF**             214M
*RNF7030 RETRIEVEJOBINFORMATION...
                           **UNDEF**              78M
*RNF7030 SIITR_ADDENTRY    **UNDEF**             235M
*RNF7030 SIITR_CLOSE       **UNDEF**             138M    142M    179M    184M
*RNF7030 SIITR_FOREACH     **UNDEF**             134     163
*RNF7030 SIITR_SETVALUE    **UNDEF**             135M    164M
         SIJI_CLOSE        PROTOTYPE             263     264
         SIJI_EXISTPROGRAMINCALLSTACK...
                           N(1)                  123     124
                           PROTOTYPE
         SIJI_GETCALLSTACKENTRYFORCALLER...
                                                 150     151
                           PROTOTYPE
         SIJI_GETCODEDCHARACTERSETID...
                                                 277     278
                           PROTOTYPE
         SIJI_GETQUALIFIEDJOBNAME...
                                                 243     244
                           PROTOTYPE
         SIJI_GETTEMPORARYSTORAGEUSED...
                                                  93      94
                           PROTOTYPE
         SIJI_LISTCALLSTACKENTRYS...
                                                 111     112
                           PROTOTYPE
         SIJI_NEW                                 45      46
                           PROTOTYPE
*RNF7030 SIXCP_THROWWITHMESSAGEID...
                           **UNDEF**              62M    103M    253M    287M
*RNF7030 TQUSEC            **UNDEF**              76     200
*RNF7030 TQUSRJOBI_FORMATNAME...
 5770WDS V7R4M0  190419 RN        IBM ILE RPG             SIIIA/SIJI               P632#PVM   04/02/20 08:25:48        Page     13
                           **UNDEF**              73
*RNF7030 TQUSRJOBI_RECEIVERVARIABLE...
                           **UNDEF**              75
*RNF7030 TQWVRCSTK_CSTK0100...
                           **UNDEF**             201
*RNF7030 TQWVRCSTK_ENTRY   **UNDEF**             203
*RNF7030 TQWVRCSTK_FORMATOFJOBIDENTIFICATIONINFORMATION...
                           **UNDEF**             199
*RNF7030 TQWVRCSTK_JOBIDENTIFICATIONINFORMATION...
                           **UNDEF**             198
*RNF7030 TQWVRCSTK_NUMBEROFCALLSTACKENTRIESRETURNED...
                           **UNDEF**             202
*RNF7030 TQWVRCSTK_PROCEDURENAME...
                           **UNDEF**             206
*RNF7030 TQWVRCSTK_RECEIVERVARIABLE...
                           **UNDEF**             197
*RNF7030 TSIJI             **UNDEF**              46      95     113     125
                                                 152     245     265     279
*RNF7030 TSIJI_CALLSTACKENTRY...
                           **UNDEF**             129     151     155     204
*RNF7030 TSIJI_CODEDCHARACTERSETID...
                           **UNDEF**             278
*RNF7030 TSIJI_DEF         **UNDEF**              51      72      97     115
                                                 128     154     194     247
                                                 267     281
*RNF7030 TSIJI_JOBNAME     **UNDEF**              47
*RNF7030 TSIJI_JOBNUMBER   **UNDEF**              49
*RNF7030 TSIJI_LIST        **UNDEF**             112     130     156     193
                                                 205
*RNF7030 TSIJI_PROGRAM     **UNDEF**             126
*RNF7030 TSIJI_QUALIFIEDJOBNAME...
                           **UNDEF**             244
*RNF7030 TSIJI_TEMPORARYSTORAGEUSED...
                           **UNDEF**              94
*RNF7030 TSIJI_USERNAME    **UNDEF**              48
      Field References for subprocedure SIJI_NEW
         Field             Attributes         References (D=Defined M=Modified)
*RNF7030 DSSIJI            **UNDEF**              51D     53M     55M     58M
                                                  62      65
*RNF7030 JOBNAME           **UNDEF**              47D     53      61
*RNF7030 JOBNUMBER         **UNDEF**              49D     57      58
*RNF7030 USERNAME          **UNDEF**              48D     54      55
      Field References for subprocedure GETDATA
         Field             Attributes         References (D=Defined M=Modified)
*RNF7030 DSSIJI            **UNDEF**              72D     81
*RNF7030 ERRORCODE         **UNDEF**              76D     83      84
*RNF7030 FORMATNAME        **UNDEF**              73D     80
*RNF7030 RECEIVERVARIABLE  **UNDEF**              75D     78      79      88
      Field References for subprocedure SIJI_GETTEMPORARYSTORAGEUSED
         Field             Attributes         References (D=Defined M=Modified)
*RNF7030 DSSIJI            **UNDEF**              97D    101M    101     103
                                                 106
         PSIJI             *(16)                  97      98M
*RNF7030 SIJI              **UNDEF**              95D     98
      Field References for subprocedure SIJI_LISTCALLSTACKENTRYS
 5770WDS V7R4M0  190419 RN        IBM ILE RPG             SIIIA/SIJI               P632#PVM   04/02/20 08:25:48        Page     14
         Field             Attributes         References (D=Defined M=Modified)
*RNF7030 DSSIJI            **UNDEF**             115D    118
         PSIJI             *(16)                 115     116M
*RNF7030 SIJI              **UNDEF**             113D    116
      Field References for subprocedure SIJI_EXISTPROGRAMINCALLSTACK
         Field             Attributes         References (D=Defined M=Modified)
*RNF7030 CALLSTACKLIST     **UNDEF**             130D    133M    134     135
                                                 138     142
*RNF7030 DSSIJI            **UNDEF**             128D    133
*RNF7030 ENTRY             **UNDEF**             129D    135     137
*RNF7030 PROGRAM           **UNDEF**             126D    137
         PSIJI             *(16)                 128     132M
*RNF7030 SIJI              **UNDEF**             125D    132
      Field References for subprocedure SIJI_GETCALLSTACKENTRYFORCALLER
         Field             Attributes         References (D=Defined M=Modified)
*RNF7030 CALLSTACKLIST     **UNDEF**             156D    162M    163     164
                                                 179     184
*RNF7030 DSSIJI            **UNDEF**             154D    162
*RNF7030 ENTRY             **UNDEF**             155D    164     166     168
                                                 168     173     173     175
                                                 175     180
         PROGRAMMCOUNTER   U(5,0)                158D    174M    178
         PROGRAMMCOUNTERIND...
                           N(1)                  159D    167M    172
         PROGRAMMNAME      A(20)                 157D    168M    173     175M
         PSIJI             *(16)                 154     161M
*RNF7030 SIJI              **UNDEF**             152D    161
      Field References for subprocedure LISTCALLSTACKENTRYS
         Field             Attributes         References (D=Defined M=Modified)
*RNF7030 CALLSTACKENTRY    **UNDEF**             204D    232M    234M    235
                                                 235
*RNF7030 CALLSTACKENTRYS   **UNDEF**             197D    214     215     224
*RNF7030 CALLSTACKLIST     **UNDEF**             205D    222     235     238
*RNF7030 DSSIJI            **UNDEF**             194D    208     209     210
*RNF7030 ENTRY             **UNDEF**             203D    230     232     233
                                                 234
*RNF7030 ERRORCODE         **UNDEF**             200D    219     221
*RNF7030 FORMAT100         **UNDEF**             201D    226     228
*RNF7030 I                 **UNDEF**             202D    226     227
*RNF7030 JOB               **UNDEF**             198D    208M    209M    210M
                                                 211M    212M    213M    217
*RNF7030 JOBFORMAT         **UNDEF**             199D
         PENTRY            *(16)                 203     228M    230M    230
                                                 233
         PFORMAT100        *(16)                 201     224M    228
         PPROCEDURENAME    *(16)                 206     233M
*RNF7030 PROCEDURENAME     **UNDEF**             206D    234
      Field References for subprocedure SIJI_GETQUALIFIEDJOBNAME
         Field             Attributes         References (D=Defined M=Modified)
*RNF7030 DSSIJI            **UNDEF**             247D    251M    251     253
                                                 256     257     258
         PSIJI             *(16)                 247     248M
*RNF7030 SIJI              **UNDEF**             245D    248
 5770WDS V7R4M0  190419 RN        IBM ILE RPG             SIIIA/SIJI               P632#PVM   04/02/20 08:25:48        Page     15
      Field References for subprocedure SIJI_CLOSE
         Field             Attributes         References (D=Defined M=Modified)
*RNF7030 DSSIJI            **UNDEF**             267D    270M
         PSIJI             *(16)                 267     268M
*RNF7030 SIJI              **UNDEF**             265D    268
      Field References for subprocedure SIJI_GETCODEDCHARACTERSETID
         Field             Attributes         References (D=Defined M=Modified)
*RNF7030 DSSIJI            **UNDEF**             281D    285M    285     287
                                                 290
         PSIJI             *(16)                 281     282M
*RNF7030 SIJI              **UNDEF**             279D    282
      Indicator References:
         Indicator                            References (D=Defined M=Modified)
       * * * * *   E N D   O F   C R O S S   R E F E R E N C E   * * * * *
 5770WDS V7R4M0  190419 RN        IBM ILE RPG             SIIIA/SIJI               P632#PVM   04/02/20 08:25:48        Page     16
                      E x t e r n a l   R e f e r e n c e s
      Statically bound procedures:
         Procedure                            References
         No references in the source.
      Imported fields:
         Field             Attributes         Defined
         No references in the source.
      Exported fields:
         Field             Attributes         Defined
         No references in the source.
   * * * * *   E N D   O F   E X T E R N A L   R E F E R E N C E S   * * * * *
 5770WDS V7R4M0  190419 RN        IBM ILE RPG             SIIIA/SIJI               P632#PVM   04/02/20 08:25:48        Page     17
                          M e s s a g e   S u m m a r y
 Msg id  Sv Number Message text
*RNF7030 30    109 The name or indicator is not defined.
*RNF7451 30      2 A built-in function is not defined; built-in function is
                   ignored.
*RNF7503 30     54 Expression contains an operand that is not defined.
*RNF0273 40      2 Compiler not able to open the /COPY or /INCLUDE file;
                   directive ignored.
       * * * * *   E N D   O F   M E S S A G E   S U M M A R Y   * * * * *
 5770WDS V7R4M0  190419 RN        IBM ILE RPG             SIIIA/SIJI               P632#PVM   04/02/20 08:25:48        Page     18
                            F i n a l   S u m m a r y
  Message Totals:
    Information  (00) . . . . . . . :        0
    Warning      (10) . . . . . . . :        0
    Error        (20) . . . . . . . :        0
    Severe Error (30+)  . . . . . . :      167
    ---------------------------------  -------
    Total . . . . . . . . . . . . . :      167
  Source Totals:
    Records . . . . . . . . . . . . :      292
    Specifications  . . . . . . . . :      173
    Data records  . . . . . . . . . :        0
    Comments  . . . . . . . . . . . :       95
         * * * * *   E N D   O F   F I N A L   S U M M A R Y   * * * * *
Compilation stopped. Severity 40 errors found in program.
          * * * * *   E N D   O F   C O M P I L A T I O N   * * * * *
